<?xml version="1.0" encoding="UTF-8"?>
<!-- Generated by org.testng.reporters.JUnitReportReporter -->
<testsuite hostname="Sivanraj-PC" failures="0" tests="1" name="tests.C2_ExampleForAnotherClass" time="0.001" errors="0" timestamp="26 Apr 2021 09:48:51 GMT">
  <testcase classname="tests.C2_ExampleForAnotherClass" name="tc2" time="0.001"/>
</testsuite> <!-- tests.C2_ExampleForAnotherClass -->
